# JRE version: OpenJDK Runtime Environment AdoptOpenJDK (14.0.1+7) (build 14.0.1+7)
# Java VM: OpenJDK 64-Bit Server VM AdoptOpenJDK (14.0.1+7, mixed mode, sharing, tiered, compressed oops, g1 gc, windows-amd64)
Heap:
 garbage-first heap   total 55296K, used 17060K [0x00000000c1e00000, 0x0000000100000000)
  region size 1024K, 7 young (7168K), 3 survivors (3072K)
 Metaspace       used 21873K, capacity 22248K, committed 22396K, reserved 1069056K
  class space    used 2496K, capacity 2638K, committed 2688K, reserved 1048576K
GC Heap History (6 events):
Event: 1.243 GC heap before
{Heap before GC invocations=0 (full 0):
 garbage-first heap   total 65536K, used 13312K [0x00000000c1e00000, 0x0000000100000000)
  region size 1024K, 13 young (13312K), 0 survivors (0K)
 Metaspace       used 7990K, capacity 8331K, committed 8448K, reserved 1056768K
  class space    used 865K, capacity 1009K, committed 1024K, reserved 1048576K
}
Event: 1.255 GC heap after
{Heap after GC invocations=1 (full 0):
 garbage-first heap   total 65536K, used 3895K [0x00000000c1e00000, 0x0000000100000000)
  region size 1024K, 2 young (2048K), 2 survivors (2048K)
 Metaspace       used 7990K, capacity 8331K, committed 8448K, reserved 1056768K
  class space    used 865K, capacity 1009K, committed 1024K, reserved 1048576K
}
Event: 1.822 GC heap before
{Heap before GC invocations=1 (full 0):
 garbage-first heap   total 65536K, used 16183K [0x00000000c1e00000, 0x0000000100000000)
  region size 1024K, 15 young (15360K), 2 survivors (2048K)
 Metaspace       used 12372K, capacity 12714K, committed 12800K, reserved 1060864K
  class space    used 1320K, capacity 1486K, committed 1536K, reserved 1048576K
}
Event: 1.831 GC heap after
{Heap after GC invocations=2 (full 0):
 garbage-first heap   total 65536K, used 6585K [0x00000000c1e00000, 0x0000000100000000)
  region size 1024K, 2 young (2048K), 2 survivors (2048K)
 Metaspace       used 12372K, capacity 12714K, committed 12800K, reserved 1060864K
  class space    used 1320K, capacity 1486K, committed 1536K, reserved 1048576K
}
Event: 4.983 GC heap before
{Heap before GC invocations=2 (full 0):
 garbage-first heap   total 65536K, used 22969K [0x00000000c1e00000, 0x0000000100000000)
  region size 1024K, 16 young (16384K), 2 survivors (2048K)
 Metaspace       used 20743K, capacity 21100K, committed 21248K, reserved 1069056K
  class space    used 2376K, capacity 2534K, committed 2560K, reserved 1048576K
}
Event: 4.991 GC heap after
{Heap after GC invocations=3 (full 0):
 garbage-first heap   total 65536K, used 12964K [0x00000000c1e00000, 0x0000000100000000)
  region size 1024K, 3 young (3072K), 3 survivors (3072K)
 Metaspace       used 20743K, capacity 21100K, committed 21248K, reserved 1069056K
  class space    used 2376K, capacity 2534K, committed 2560K, reserved 1048576K
}

